[2024-08-15 21:41:08] [ INFO ] [BD:27] datos cargados con exito
[2024-08-15 21:42:19] [ INFO ] [PacienteDAOH2:110] iniciando las operaciones de busqueda de : helen@helen.com
[2024-08-15 21:42:19] [ ERROR] [PacienteDAOH2:126] Error en la conexion: Conversión de datos fallida, convirtiendo "helen@helen.com"
Data conversion error converting "helen@helen.com"; SQL statement:
SELECT * FROM PACIENTES WHERE ID=? [22018-224]
[2024-08-15 21:42:19] [ WARN ] [PacienteDAOH2:131] busqueda sin resultados coincidentesnull
[2024-08-15 21:44:46] [ INFO ] [BD:27] datos cargados con exito
[2024-08-15 21:45:05] [ INFO ] [PacienteDAOH2:110] iniciando las operaciones de busqueda de : helen@helen.com
[2024-08-15 21:45:05] [ INFO ] [DomicilioDAOH2:49] iniciando las operaciones de : busqueda de un domicilio con ID: 2
[2024-08-15 21:45:05] [ INFO ] [PacienteDAOH2:129] busqueda exitosa: helen@helen.comNombre y Apellido: Helen Vasquez
[2024-08-15 21:48:23] [ INFO ] [BD:27] datos cargados con exito
[2024-08-15 21:48:37] [ INFO ] [PacienteDAOH2:110] iniciando las operaciones de busqueda de : helen@helen.com
[2024-08-15 21:48:37] [ INFO ] [DomicilioDAOH2:49] iniciando las operaciones de : busqueda de un domicilio con ID: 2
[2024-08-15 21:48:37] [ INFO ] [PacienteDAOH2:129] busqueda exitosa:  Nombre y Apellido: Helen Vasquez
[2024-08-15 21:48:49] [ INFO ] [PacienteDAOH2:110] iniciando las operaciones de busqueda de : julian@julian.com
[2024-08-15 21:48:49] [ INFO ] [DomicilioDAOH2:49] iniciando las operaciones de : busqueda de un domicilio con ID: 1
[2024-08-15 21:48:49] [ INFO ] [PacienteDAOH2:129] busqueda exitosa:  Nombre y Apellido: Julian Espinoza
[2024-08-15 21:49:04] [ INFO ] [PacienteDAOH2:110] iniciando las operaciones de busqueda de : julian@ju
[2024-08-15 21:49:04] [ WARN ] [PacienteDAOH2:131] busqueda sin resultados coincidentesnull
[2024-08-15 21:52:27] [ INFO ] [BD:27] datos cargados con exito
[2024-08-15 21:52:36] [ INFO ] [PacienteDAOH2:110] iniciando las operaciones de busqueda de : julian@ju
[2024-08-15 21:52:36] [ WARN ] [PacienteDAOH2:131] busqueda sin resultados coincidentes: null
